<?xml version="1.0" encoding="UTF-8"?>
<robot generator="Robot 6.1.1 (Python 3.12.0 on darwin)" generated="20231120 23:45:53.018" rpa="false" schemaversion="4">
<suite id="s1" name="Tests" source="/Users/leevi/hy-cs/ohtu-23/ohtu-23/viikko-3/login-robot/src/tests">
<suite id="s1-s1" name="Login" source="/Users/leevi/hy-cs/ohtu-23/ohtu-23/viikko-3/login-robot/src/tests/login.robot">
<test id="s1-s1-t1" name="Login With Correct Credentials" line="6">
<kw name="Create User And Input Login Command" type="SETUP">
<kw name="Create User" library="AppLibrary">
<arg>kalle</arg>
<arg>kalle123</arg>
<status status="PASS" starttime="20231120 23:45:53.028" endtime="20231120 23:45:53.028"/>
</kw>
<kw name="Input Login Command" library="resource">
<kw name="Input" library="AppLibrary">
<arg>login</arg>
<status status="PASS" starttime="20231120 23:45:53.028" endtime="20231120 23:45:53.028"/>
</kw>
<status status="PASS" starttime="20231120 23:45:53.028" endtime="20231120 23:45:53.028"/>
</kw>
<status status="PASS" starttime="20231120 23:45:53.028" endtime="20231120 23:45:53.028"/>
</kw>
<kw name="Input Credentials" library="resource">
<arg>kalle</arg>
<arg>kalle123</arg>
<kw name="Input" library="AppLibrary">
<arg>${username}</arg>
<status status="PASS" starttime="20231120 23:45:53.028" endtime="20231120 23:45:53.028"/>
</kw>
<kw name="Input" library="AppLibrary">
<arg>${password}</arg>
<status status="PASS" starttime="20231120 23:45:53.029" endtime="20231120 23:45:53.029"/>
</kw>
<kw name="Run Application" library="AppLibrary">
<status status="PASS" starttime="20231120 23:45:53.029" endtime="20231120 23:45:53.029"/>
</kw>
<status status="PASS" starttime="20231120 23:45:53.028" endtime="20231120 23:45:53.029"/>
</kw>
<kw name="Output Should Contain" library="AppLibrary">
<arg>Logged in</arg>
<status status="PASS" starttime="20231120 23:45:53.029" endtime="20231120 23:45:53.029"/>
</kw>
<status status="PASS" starttime="20231120 23:45:53.028" endtime="20231120 23:45:53.029"/>
</test>
<test id="s1-s1-t2" name="Login With Incorrect Password" line="16">
<kw name="Create User And Input Login Command" type="SETUP">
<kw name="Create User" library="AppLibrary">
<arg>kalle</arg>
<arg>kalle123</arg>
<status status="PASS" starttime="20231120 23:45:53.029" endtime="20231120 23:45:53.029"/>
</kw>
<kw name="Input Login Command" library="resource">
<kw name="Input" library="AppLibrary">
<arg>login</arg>
<status status="PASS" starttime="20231120 23:45:53.029" endtime="20231120 23:45:53.029"/>
</kw>
<status status="PASS" starttime="20231120 23:45:53.029" endtime="20231120 23:45:53.029"/>
</kw>
<status status="PASS" starttime="20231120 23:45:53.029" endtime="20231120 23:45:53.029"/>
</kw>
<kw name="Input Credentials" library="resource">
<arg>kalle</arg>
<arg>wrong</arg>
<kw name="Input" library="AppLibrary">
<arg>${username}</arg>
<status status="PASS" starttime="20231120 23:45:53.029" endtime="20231120 23:45:53.029"/>
</kw>
<kw name="Input" library="AppLibrary">
<arg>${password}</arg>
<status status="PASS" starttime="20231120 23:45:53.029" endtime="20231120 23:45:53.029"/>
</kw>
<kw name="Run Application" library="AppLibrary">
<status status="PASS" starttime="20231120 23:45:53.029" endtime="20231120 23:45:53.029"/>
</kw>
<status status="PASS" starttime="20231120 23:45:53.029" endtime="20231120 23:45:53.029"/>
</kw>
<kw name="Output Should Contain" library="AppLibrary">
<arg>Invalid username or password</arg>
<status status="PASS" starttime="20231120 23:45:53.029" endtime="20231120 23:45:53.029"/>
</kw>
<status status="PASS" starttime="20231120 23:45:53.029" endtime="20231120 23:45:53.029"/>
</test>
<test id="s1-s1-t3" name="Login With Nonexistent Username" line="20">
<kw name="Create User And Input Login Command" type="SETUP">
<kw name="Create User" library="AppLibrary">
<arg>kalle</arg>
<arg>kalle123</arg>
<status status="PASS" starttime="20231120 23:45:53.030" endtime="20231120 23:45:53.030"/>
</kw>
<kw name="Input Login Command" library="resource">
<kw name="Input" library="AppLibrary">
<arg>login</arg>
<status status="PASS" starttime="20231120 23:45:53.030" endtime="20231120 23:45:53.030"/>
</kw>
<status status="PASS" starttime="20231120 23:45:53.030" endtime="20231120 23:45:53.030"/>
</kw>
<status status="PASS" starttime="20231120 23:45:53.030" endtime="20231120 23:45:53.030"/>
</kw>
<kw name="Input Credentials" library="resource">
<arg>nonexisting</arg>
<arg>wrong</arg>
<kw name="Input" library="AppLibrary">
<arg>${username}</arg>
<status status="PASS" starttime="20231120 23:45:53.030" endtime="20231120 23:45:53.030"/>
</kw>
<kw name="Input" library="AppLibrary">
<arg>${password}</arg>
<status status="PASS" starttime="20231120 23:45:53.030" endtime="20231120 23:45:53.030"/>
</kw>
<kw name="Run Application" library="AppLibrary">
<status status="PASS" starttime="20231120 23:45:53.030" endtime="20231120 23:45:53.030"/>
</kw>
<status status="PASS" starttime="20231120 23:45:53.030" endtime="20231120 23:45:53.030"/>
</kw>
<kw name="Output Should Contain" library="AppLibrary">
<arg>Invalid username or password</arg>
<status status="PASS" starttime="20231120 23:45:53.030" endtime="20231120 23:45:53.030"/>
</kw>
<status status="PASS" starttime="20231120 23:45:53.030" endtime="20231120 23:45:53.030"/>
</test>
<status status="PASS" starttime="20231120 23:45:53.025" endtime="20231120 23:45:53.030"/>
</suite>
<suite id="s1-s2" name="Register" source="/Users/leevi/hy-cs/ohtu-23/ohtu-23/viikko-3/login-robot/src/tests/register.robot">
<test id="s1-s2-t1" name="Register With Valid Username And Password" line="6">
<kw name="Input Register Command" library="resource" type="SETUP">
<kw name="Input" library="AppLibrary">
<arg>new</arg>
<status status="PASS" starttime="20231120 23:45:53.031" endtime="20231120 23:45:53.031"/>
</kw>
<status status="PASS" starttime="20231120 23:45:53.031" endtime="20231120 23:45:53.031"/>
</kw>
<kw name="Input Credentials" library="resource">
<arg>kalle</arg>
<arg>kalle123</arg>
<kw name="Input" library="AppLibrary">
<arg>${username}</arg>
<status status="PASS" starttime="20231120 23:45:53.031" endtime="20231120 23:45:53.032"/>
</kw>
<kw name="Input" library="AppLibrary">
<arg>${password}</arg>
<status status="PASS" starttime="20231120 23:45:53.032" endtime="20231120 23:45:53.032"/>
</kw>
<kw name="Run Application" library="AppLibrary">
<status status="PASS" starttime="20231120 23:45:53.032" endtime="20231120 23:45:53.032"/>
</kw>
<status status="PASS" starttime="20231120 23:45:53.031" endtime="20231120 23:45:53.032"/>
</kw>
<kw name="Output Should Contain" library="AppLibrary">
<arg>New user registered</arg>
<status status="PASS" starttime="20231120 23:45:53.032" endtime="20231120 23:45:53.032"/>
</kw>
<status status="PASS" starttime="20231120 23:45:53.031" endtime="20231120 23:45:53.032"/>
</test>
<test id="s1-s2-t2" name="Register With Already Taken Username And Valid Password" line="10">
<kw name="Input Register Command" library="resource" type="SETUP">
<kw name="Input" library="AppLibrary">
<arg>new</arg>
<status status="PASS" starttime="20231120 23:45:53.032" endtime="20231120 23:45:53.032"/>
</kw>
<status status="PASS" starttime="20231120 23:45:53.032" endtime="20231120 23:45:53.032"/>
</kw>
<kw name="Create User" library="AppLibrary">
<arg>kalle</arg>
<arg>kalle123</arg>
<status status="PASS" starttime="20231120 23:45:53.032" endtime="20231120 23:45:53.032"/>
</kw>
<kw name="Input Credentials" library="resource">
<arg>kalle</arg>
<arg>kalle123</arg>
<kw name="Input" library="AppLibrary">
<arg>${username}</arg>
<status status="PASS" starttime="20231120 23:45:53.032" endtime="20231120 23:45:53.032"/>
</kw>
<kw name="Input" library="AppLibrary">
<arg>${password}</arg>
<status status="PASS" starttime="20231120 23:45:53.032" endtime="20231120 23:45:53.032"/>
</kw>
<kw name="Run Application" library="AppLibrary">
<status status="PASS" starttime="20231120 23:45:53.032" endtime="20231120 23:45:53.032"/>
</kw>
<status status="PASS" starttime="20231120 23:45:53.032" endtime="20231120 23:45:53.032"/>
</kw>
<kw name="Output Should Contain" library="AppLibrary">
<arg>User with username kalle already exists</arg>
<status status="PASS" starttime="20231120 23:45:53.032" endtime="20231120 23:45:53.032"/>
</kw>
<status status="PASS" starttime="20231120 23:45:53.032" endtime="20231120 23:45:53.032"/>
</test>
<test id="s1-s2-t3" name="Register With Too Short Username And Valid Password" line="15">
<kw name="Input Register Command" library="resource" type="SETUP">
<kw name="Input" library="AppLibrary">
<arg>new</arg>
<status status="PASS" starttime="20231120 23:45:53.033" endtime="20231120 23:45:53.033"/>
</kw>
<status status="PASS" starttime="20231120 23:45:53.033" endtime="20231120 23:45:53.033"/>
</kw>
<kw name="Input Credentials" library="resource">
<arg>ka</arg>
<arg>kalle123</arg>
<kw name="Input" library="AppLibrary">
<arg>${username}</arg>
<status status="PASS" starttime="20231120 23:45:53.033" endtime="20231120 23:45:53.033"/>
</kw>
<kw name="Input" library="AppLibrary">
<arg>${password}</arg>
<status status="PASS" starttime="20231120 23:45:53.033" endtime="20231120 23:45:53.033"/>
</kw>
<kw name="Run Application" library="AppLibrary">
<status status="PASS" starttime="20231120 23:45:53.033" endtime="20231120 23:45:53.033"/>
</kw>
<status status="PASS" starttime="20231120 23:45:53.033" endtime="20231120 23:45:53.033"/>
</kw>
<kw name="Output Should Contain" library="AppLibrary">
<arg>Username too short</arg>
<status status="PASS" starttime="20231120 23:45:53.033" endtime="20231120 23:45:53.033"/>
</kw>
<status status="PASS" starttime="20231120 23:45:53.032" endtime="20231120 23:45:53.033"/>
</test>
<test id="s1-s2-t4" name="Register With Enough Long But Invalid Username And Valid Password" line="19">
<kw name="Input Register Command" library="resource" type="SETUP">
<kw name="Input" library="AppLibrary">
<arg>new</arg>
<status status="PASS" starttime="20231120 23:45:53.033" endtime="20231120 23:45:53.033"/>
</kw>
<status status="PASS" starttime="20231120 23:45:53.033" endtime="20231120 23:45:53.033"/>
</kw>
<kw name="Input Credentials" library="resource">
<arg>kalle!</arg>
<arg>kalle123</arg>
<kw name="Input" library="AppLibrary">
<arg>${username}</arg>
<status status="PASS" starttime="20231120 23:45:53.033" endtime="20231120 23:45:53.033"/>
</kw>
<kw name="Input" library="AppLibrary">
<arg>${password}</arg>
<status status="PASS" starttime="20231120 23:45:53.033" endtime="20231120 23:45:53.033"/>
</kw>
<kw name="Run Application" library="AppLibrary">
<status status="PASS" starttime="20231120 23:45:53.033" endtime="20231120 23:45:53.033"/>
</kw>
<status status="PASS" starttime="20231120 23:45:53.033" endtime="20231120 23:45:53.033"/>
</kw>
<kw name="Output Should Contain" library="AppLibrary">
<arg>Username must contain only letters a-z</arg>
<status status="PASS" starttime="20231120 23:45:53.034" endtime="20231120 23:45:53.034"/>
</kw>
<status status="PASS" starttime="20231120 23:45:53.033" endtime="20231120 23:45:53.034"/>
</test>
<test id="s1-s2-t5" name="Register With Valid Username And Too Short Password" line="23">
<kw name="Input Register Command" library="resource" type="SETUP">
<kw name="Input" library="AppLibrary">
<arg>new</arg>
<status status="PASS" starttime="20231120 23:45:53.034" endtime="20231120 23:45:53.034"/>
</kw>
<status status="PASS" starttime="20231120 23:45:53.034" endtime="20231120 23:45:53.034"/>
</kw>
<kw name="Input Credentials" library="resource">
<arg>kalle</arg>
<arg>ka</arg>
<kw name="Input" library="AppLibrary">
<arg>${username}</arg>
<status status="PASS" starttime="20231120 23:45:53.034" endtime="20231120 23:45:53.034"/>
</kw>
<kw name="Input" library="AppLibrary">
<arg>${password}</arg>
<status status="PASS" starttime="20231120 23:45:53.034" endtime="20231120 23:45:53.034"/>
</kw>
<kw name="Run Application" library="AppLibrary">
<status status="PASS" starttime="20231120 23:45:53.034" endtime="20231120 23:45:53.034"/>
</kw>
<status status="PASS" starttime="20231120 23:45:53.034" endtime="20231120 23:45:53.034"/>
</kw>
<kw name="Output Should Contain" library="AppLibrary">
<arg>Password too short</arg>
<status status="PASS" starttime="20231120 23:45:53.034" endtime="20231120 23:45:53.034"/>
</kw>
<status status="PASS" starttime="20231120 23:45:53.034" endtime="20231120 23:45:53.034"/>
</test>
<test id="s1-s2-t6" name="Register With Valid Username And Long Enough Password Containing Only Letters" line="27">
<kw name="Input Register Command" library="resource" type="SETUP">
<kw name="Input" library="AppLibrary">
<arg>new</arg>
<status status="PASS" starttime="20231120 23:45:53.034" endtime="20231120 23:45:53.035"/>
</kw>
<status status="PASS" starttime="20231120 23:45:53.034" endtime="20231120 23:45:53.035"/>
</kw>
<kw name="Input Credentials" library="resource">
<arg>kalle</arg>
<arg>kallekallekalle</arg>
<kw name="Input" library="AppLibrary">
<arg>${username}</arg>
<status status="PASS" starttime="20231120 23:45:53.035" endtime="20231120 23:45:53.035"/>
</kw>
<kw name="Input" library="AppLibrary">
<arg>${password}</arg>
<status status="PASS" starttime="20231120 23:45:53.035" endtime="20231120 23:45:53.035"/>
</kw>
<kw name="Run Application" library="AppLibrary">
<status status="PASS" starttime="20231120 23:45:53.035" endtime="20231120 23:45:53.035"/>
</kw>
<status status="PASS" starttime="20231120 23:45:53.035" endtime="20231120 23:45:53.035"/>
</kw>
<kw name="Output Should Contain" library="AppLibrary">
<arg>Password must contain at least one non-letter character</arg>
<status status="PASS" starttime="20231120 23:45:53.035" endtime="20231120 23:45:53.035"/>
</kw>
<status status="PASS" starttime="20231120 23:45:53.034" endtime="20231120 23:45:53.035"/>
</test>
<status status="PASS" starttime="20231120 23:45:53.030" endtime="20231120 23:45:53.035"/>
</suite>
<status status="PASS" starttime="20231120 23:45:53.019" endtime="20231120 23:45:53.035"/>
</suite>
<statistics>
<total>
<stat pass="9" fail="0" skip="0">All Tests</stat>
</total>
<tag>
</tag>
<suite>
<stat pass="9" fail="0" skip="0" id="s1" name="Tests">Tests</stat>
<stat pass="3" fail="0" skip="0" id="s1-s1" name="Login">Tests.Login</stat>
<stat pass="6" fail="0" skip="0" id="s1-s2" name="Register">Tests.Register</stat>
</suite>
</statistics>
<errors>
</errors>
</robot>
